  cost.cpp
d:\2021\udacity\behavior-planner\project1\cost.cpp(16): warning C4244: 'initializing': conversion from 'double' to 'float', possible loss of data
d:\2021\udacity\behavior-planner\project1\cost.cpp(16): warning C4244: 'initializing': conversion from 'double' to 'const float', possible loss of data
d:\2021\udacity\behavior-planner\project1\cost.cpp(17): warning C4244: 'initializing': conversion from 'double' to 'float', possible loss of data
d:\2021\udacity\behavior-planner\project1\cost.cpp(17): warning C4244: 'initializing': conversion from 'double' to 'const float', possible loss of data
d:\2021\udacity\behavior-planner\project1\cost.cpp(37): warning C4244: '=': conversion from 'double' to 'float', possible loss of data
d:\2021\udacity\behavior-planner\project1\cost.cpp(54): warning C4244: 'argument': conversion from 'float' to 'int', possible loss of data
d:\2021\udacity\behavior-planner\project1\cost.cpp(59): warning C4244: 'argument': conversion from 'float' to 'int', possible loss of data
d:\2021\udacity\behavior-planner\project1\cost.cpp(65): warning C4244: 'initializing': conversion from 'double' to 'float', possible loss of data
d:\2021\udacity\behavior-planner\project1\cost.cpp(126): warning C4244: '=': conversion from 'int' to 'float', possible loss of data
d:\2021\udacity\behavior-planner\project1\cost.cpp(129): warning C4244: '=': conversion from 'int' to 'float', possible loss of data
d:\2021\udacity\behavior-planner\project1\cost.cpp(132): warning C4244: '=': conversion from 'int' to 'float', possible loss of data
d:\2021\udacity\behavior-planner\project1\cost.cpp(135): warning C4244: 'initializing': conversion from 'int' to 'float', possible loss of data
d:\2021\udacity\behavior-planner\project1\cost.cpp(136): warning C4244: 'initializing': conversion from 'int' to 'float', possible loss of data
  main.cpp
d:\2021\udacity\behavior-planner\project1\main.cpp(41): warning C4267: 'initializing': conversion from 'size_t' to 'int', possible loss of data
  road.cpp
d:\2021\udacity\behavior-planner\project1\road.cpp(12): warning C4267: '=': conversion from 'size_t' to 'int', possible loss of data
d:\2021\udacity\behavior-planner\project1\road.cpp(38): warning C4244: 'argument': conversion from 'int' to 'float', possible loss of data
d:\2021\udacity\behavior-planner\project1\road.cpp(87): warning C4244: 'argument': conversion from '_Ty' to 'float', possible loss of data
          with
          [
              _Ty=int
          ]
d:\2021\udacity\behavior-planner\project1\road.cpp(87): warning C4244: 'argument': conversion from 'int' to 'float', possible loss of data
d:\2021\udacity\behavior-planner\project1\road.cpp(130): warning C4267: 'initializing': conversion from 'size_t' to 'int', possible loss of data
d:\2021\udacity\behavior-planner\project1\road.cpp(151): warning C4267: 'initializing': conversion from 'size_t' to 'int', possible loss of data
  vehicle.cpp
d:\2021\udacity\behavior-planner\project1\vehicle.cpp(18): warning C4244: '=': conversion from 'float' to 'int', possible loss of data
d:\2021\udacity\behavior-planner\project1\vehicle.cpp(134): warning C4244: 'initializing': conversion from 'double' to 'float', possible loss of data
d:\2021\udacity\behavior-planner\project1\vehicle.cpp(145): warning C4244: '=': conversion from 'double' to 'float', possible loss of data
d:\2021\udacity\behavior-planner\project1\vehicle.cpp(153): warning C4244: 'argument': conversion from 'int' to 'float', possible loss of data
d:\2021\udacity\behavior-planner\project1\vehicle.cpp(160): warning C4244: 'argument': conversion from 'int' to 'float', possible loss of data
d:\2021\udacity\behavior-planner\project1\vehicle.cpp(178): warning C4244: 'argument': conversion from 'int' to 'float', possible loss of data
d:\2021\udacity\behavior-planner\project1\vehicle.cpp(224): warning C4244: 'argument': conversion from 'int' to 'float', possible loss of data
d:\2021\udacity\behavior-planner\project1\vehicle.cpp(233): warning C4244: '=': conversion from 'float' to 'int', possible loss of data
d:\2021\udacity\behavior-planner\project1\vehicle.cpp(237): warning C4244: 'return': conversion from 'double' to 'float', possible loss of data
d:\2021\udacity\behavior-planner\project1\vehicle.cpp(311): warning C4244: '=': conversion from '_Ty' to 'float', possible loss of data
          with
          [
              _Ty=int
          ]
d:\2021\udacity\behavior-planner\project1\vehicle.cpp(315): warning C4244: '=': conversion from '_Ty' to 'float', possible loss of data
          with
          [
              _Ty=int
          ]
  Generating Code...
  Project1.vcxproj -> D:\2021\Udacity\Behavior-Planner\x64\Debug\Behavior Planner.exe
